c:\users\mihan\source\repos\hello_window_cppsharp\_build_glfw\src\glfw.dir\release\osmesa_context.obj
c:\users\mihan\source\repos\hello_window_cppsharp\_build_glfw\src\glfw.dir\release\egl_context.obj
c:\users\mihan\source\repos\hello_window_cppsharp\_build_glfw\src\glfw.dir\release\wgl_context.obj
c:\users\mihan\source\repos\hello_window_cppsharp\_build_glfw\src\glfw.dir\release\win32_window.obj
c:\users\mihan\source\repos\hello_window_cppsharp\_build_glfw\src\glfw.dir\release\win32_thread.obj
c:\users\mihan\source\repos\hello_window_cppsharp\_build_glfw\src\glfw.dir\release\win32_time.obj
c:\users\mihan\source\repos\hello_window_cppsharp\_build_glfw\src\glfw.dir\release\win32_monitor.obj
c:\users\mihan\source\repos\hello_window_cppsharp\_build_glfw\src\glfw.dir\release\win32_joystick.obj
c:\users\mihan\source\repos\hello_window_cppsharp\_build_glfw\src\glfw.dir\release\win32_init.obj
c:\users\mihan\source\repos\hello_window_cppsharp\_build_glfw\src\glfw.dir\release\window.obj
c:\users\mihan\source\repos\hello_window_cppsharp\_build_glfw\src\glfw.dir\release\vulkan.obj
c:\users\mihan\source\repos\hello_window_cppsharp\_build_glfw\src\glfw.dir\release\monitor.obj
c:\users\mihan\source\repos\hello_window_cppsharp\_build_glfw\src\glfw.dir\release\input.obj
c:\users\mihan\source\repos\hello_window_cppsharp\_build_glfw\src\glfw.dir\release\init.obj
c:\users\mihan\source\repos\hello_window_cppsharp\_build_glfw\src\glfw.dir\release\context.obj
d:\projects\_build_glfw\src\cmakefiles\generate.stamp
d:\projects\_build_glfw\src\release\glfw3dll.lib
d:\projects\_build_glfw\src\release\glfw3dll.exp
c:\users\mihan\source\repos\hello_window_cppsharp\_build\release\glfw3.dll
c:\users\mihan\source\repos\hello_window_cppsharp\\_build\release\glfw3.dll
c:\users\mihan\source\repos\hello_window_cppsharp\_build_glfw\src\glfw.dir\release\glfw.tlog\cl.command.1.tlog
c:\users\mihan\source\repos\hello_window_cppsharp\_build_glfw\src\glfw.dir\release\glfw.tlog\cl.read.1.tlog
c:\users\mihan\source\repos\hello_window_cppsharp\_build_glfw\src\glfw.dir\release\glfw.tlog\cl.write.1.tlog
c:\users\mihan\source\repos\hello_window_cppsharp\_build_glfw\src\glfw.dir\release\glfw.tlog\custombuild.command.1.tlog
c:\users\mihan\source\repos\hello_window_cppsharp\_build_glfw\src\glfw.dir\release\glfw.tlog\custombuild.read.1.tlog
c:\users\mihan\source\repos\hello_window_cppsharp\_build_glfw\src\glfw.dir\release\glfw.tlog\custombuild.write.1.tlog
c:\users\mihan\source\repos\hello_window_cppsharp\_build_glfw\src\glfw.dir\release\glfw.tlog\glfw.write.1u.tlog
c:\users\mihan\source\repos\hello_window_cppsharp\_build_glfw\src\glfw.dir\release\glfw.tlog\link.command.1.tlog
c:\users\mihan\source\repos\hello_window_cppsharp\_build_glfw\src\glfw.dir\release\glfw.tlog\link.read.1.tlog
c:\users\mihan\source\repos\hello_window_cppsharp\_build_glfw\src\glfw.dir\release\glfw.tlog\link.write.1.tlog
